[Thu Oct 03 20:20:23.599811 2024] [mpm_prefork:notice] [pid 283] AH00163: Apache/2.4.25 (Debian) configured -- resuming normal operations
[Thu Oct 03 20:20:23.600188 2024] [core:notice] [pid 283] AH00094: Command line: '/usr/sbin/apache2'
[Thu Oct 03 20:23:29.149751 2024] [:error] [pid 294] [client 172.18.0.1:48264] PHP Notice:  Constant DVWA_WEB_PAGE_TO_ROOT already defined in /var/www/html/dvwa/includes/DBMS/MySQL.php on line 9, referer: http://localhost/setup.php
ping: missing host operand
Try 'ping --help' or 'ping --usage' for more information.
[Thu Oct 03 20:46:02.547721 2024] [mpm_prefork:notice] [pid 286] AH00163: Apache/2.4.25 (Debian) configured -- resuming normal operations
[Thu Oct 03 20:46:02.548272 2024] [core:notice] [pid 286] AH00094: Command line: '/usr/sbin/apache2'
[Thu Oct 03 20:48:10.220873 2024] [:error] [pid 299] [client 172.18.0.1:56332] PHP Notice:  Constant DVWA_WEB_PAGE_TO_ROOT already defined in /var/www/html/dvwa/includes/DBMS/MySQL.php on line 9, referer: http://localhost/setup.php
[Thu Oct 03 20:52:35.739920 2024] [mpm_prefork:notice] [pid 295] AH00163: Apache/2.4.25 (Debian) configured -- resuming normal operations
[Thu Oct 03 20:52:35.740433 2024] [core:notice] [pid 295] AH00094: Command line: '/usr/sbin/apache2'
[Thu Oct 03 20:54:53.774192 2024] [:error] [pid 299] [client 172.18.0.1:45334] PHP Notice:  Constant DVWA_WEB_PAGE_TO_ROOT already defined in /var/www/html/dvwa/includes/DBMS/MySQL.php on line 9, referer: http://localhost/setup.php
[Fri Oct 04 04:46:07.055272 2024] [mpm_prefork:notice] [pid 283] AH00163: Apache/2.4.25 (Debian) configured -- resuming normal operations
[Fri Oct 04 04:46:07.057680 2024] [core:notice] [pid 283] AH00094: Command line: '/usr/sbin/apache2'
[Fri Oct 04 04:51:10.171667 2024] [:error] [pid 294] [client 172.18.0.1:40832] PHP Notice:  Constant DVWA_WEB_PAGE_TO_ROOT already defined in /var/www/html/dvwa/includes/DBMS/MySQL.php on line 9, referer: http://localhost/setup.php
[Fri Oct 04 05:06:23.896759 2024] [mpm_prefork:notice] [pid 287] AH00163: Apache/2.4.25 (Debian) configured -- resuming normal operations
[Fri Oct 04 05:06:23.897131 2024] [core:notice] [pid 287] AH00094: Command line: '/usr/sbin/apache2'
[Fri Oct 04 05:19:40.260236 2024] [mpm_prefork:notice] [pid 285] AH00163: Apache/2.4.25 (Debian) configured -- resuming normal operations
[Fri Oct 04 05:19:40.260565 2024] [core:notice] [pid 285] AH00094: Command line: '/usr/sbin/apache2'
[Fri Oct 04 05:20:07.043648 2024] [:error] [pid 294] [client 172.18.0.1:57400] PHP Notice:  Constant DVWA_WEB_PAGE_TO_ROOT already defined in /var/www/html/dvwa/includes/DBMS/MySQL.php on line 9, referer: http://localhost/setup.php
[Fri Oct 04 05:26:01.962222 2024] [mpm_prefork:notice] [pid 280] AH00163: Apache/2.4.25 (Debian) configured -- resuming normal operations
[Fri Oct 04 05:26:01.962564 2024] [core:notice] [pid 280] AH00094: Command line: '/usr/sbin/apache2'
[Fri Oct 04 05:26:21.917317 2024] [:error] [pid 291] [client 172.18.0.1:35582] PHP Notice:  Constant DVWA_WEB_PAGE_TO_ROOT already defined in /var/www/html/dvwa/includes/DBMS/MySQL.php on line 9, referer: http://localhost/setup.php
[Fri Oct 04 05:26:24.148641 2024] [:error] [pid 291] [client 172.18.0.1:35582] PHP Notice:  Constant DVWA_WEB_PAGE_TO_ROOT already defined in /var/www/html/dvwa/includes/DBMS/MySQL.php on line 9, referer: http://localhost/setup.php
[Fri Oct 04 05:26:25.462568 2024] [:error] [pid 291] [client 172.18.0.1:35582] PHP Notice:  Constant DVWA_WEB_PAGE_TO_ROOT already defined in /var/www/html/dvwa/includes/DBMS/MySQL.php on line 9, referer: http://localhost/setup.php
[Fri Oct 04 05:29:46.740800 2024] [mpm_prefork:notice] [pid 283] AH00163: Apache/2.4.25 (Debian) configured -- resuming normal operations
[Fri Oct 04 05:29:46.741137 2024] [core:notice] [pid 283] AH00094: Command line: '/usr/sbin/apache2'
[Fri Oct 04 05:30:07.117871 2024] [:error] [pid 292] [client 172.18.0.1:42740] PHP Notice:  Constant DVWA_WEB_PAGE_TO_ROOT already defined in /var/www/html/dvwa/includes/DBMS/MySQL.php on line 9, referer: http://localhost/setup.php
[Fri Oct 04 05:34:47.635225 2024] [mpm_prefork:notice] [pid 285] AH00163: Apache/2.4.25 (Debian) configured -- resuming normal operations
[Fri Oct 04 05:34:47.635524 2024] [core:notice] [pid 285] AH00094: Command line: '/usr/sbin/apache2'
[Fri Oct 04 05:50:51.501153 2024] [core:warn] [pid 290] AH00098: pid file /var/run/apache2/apache2.pid overwritten -- Unclean shutdown of previous Apache run?
[Fri Oct 04 05:50:51.505709 2024] [mpm_prefork:notice] [pid 290] AH00163: Apache/2.4.25 (Debian) configured -- resuming normal operations
[Fri Oct 04 05:50:51.505989 2024] [core:notice] [pid 290] AH00094: Command line: '/usr/sbin/apache2'
[Fri Oct 04 05:51:10.363425 2024] [:error] [pid 303] [client 172.18.0.1:43442] PHP Notice:  Constant DVWA_WEB_PAGE_TO_ROOT already defined in /var/www/html/dvwa/includes/DBMS/MySQL.php on line 9, referer: http://localhost/setup.php
[Mon Oct 07 14:58:09.542061 2024] [core:warn] [pid 293] AH00098: pid file /var/run/apache2/apache2.pid overwritten -- Unclean shutdown of previous Apache run?
[Mon Oct 07 14:58:09.546241 2024] [mpm_prefork:notice] [pid 293] AH00163: Apache/2.4.25 (Debian) configured -- resuming normal operations
[Mon Oct 07 14:58:09.546492 2024] [core:notice] [pid 293] AH00094: Command line: '/usr/sbin/apache2'
[Mon Oct 07 15:11:02.835511 2024] [mpm_prefork:notice] [pid 284] AH00163: Apache/2.4.25 (Debian) configured -- resuming normal operations
[Mon Oct 07 15:11:02.836003 2024] [core:notice] [pid 284] AH00094: Command line: '/usr/sbin/apache2'
[Mon Oct 07 15:26:44.428158 2024] [mpm_prefork:notice] [pid 288] AH00163: Apache/2.4.25 (Debian) configured -- resuming normal operations
[Mon Oct 07 15:26:44.428701 2024] [core:notice] [pid 288] AH00094: Command line: '/usr/sbin/apache2'
[Mon Oct 07 15:37:52.307380 2024] [:error] [pid 300] [client 172.18.0.1:40418] PHP Notice:  Constant DVWA_WEB_PAGE_TO_ROOT already defined in /var/www/html/dvwa/includes/DBMS/MySQL.php on line 9, referer: http://localhost/setup.php
[Mon Oct 07 15:59:47.559638 2024] [mpm_prefork:notice] [pid 283] AH00163: Apache/2.4.25 (Debian) configured -- resuming normal operations
[Mon Oct 07 15:59:47.560122 2024] [core:notice] [pid 283] AH00094: Command line: '/usr/sbin/apache2'
[Tue Oct 08 12:14:31.773987 2024] [core:warn] [pid 289] AH00098: pid file /var/run/apache2/apache2.pid overwritten -- Unclean shutdown of previous Apache run?
[Tue Oct 08 12:14:31.778475 2024] [mpm_prefork:notice] [pid 289] AH00163: Apache/2.4.25 (Debian) configured -- resuming normal operations
[Tue Oct 08 12:14:31.778740 2024] [core:notice] [pid 289] AH00094: Command line: '/usr/sbin/apache2'
[Tue Oct 08 12:41:48.234557 2024] [mpm_prefork:notice] [pid 284] AH00163: Apache/2.4.25 (Debian) configured -- resuming normal operations
[Tue Oct 08 12:41:48.234967 2024] [core:notice] [pid 284] AH00094: Command line: '/usr/sbin/apache2'
[Tue Oct 08 12:56:10.864164 2024] [:error] [pid 294] [client 172.18.0.1:41946] PHP Notice:  Constant DVWA_WEB_PAGE_TO_ROOT already defined in /var/www/html/dvwa/includes/DBMS/MySQL.php on line 9, referer: http://localhost/setup.php
[Tue Oct 08 13:21:45.194316 2024] [mpm_prefork:notice] [pid 287] AH00163: Apache/2.4.25 (Debian) configured -- resuming normal operations
[Tue Oct 08 13:21:45.194676 2024] [core:notice] [pid 287] AH00094: Command line: '/usr/sbin/apache2'
[Wed Oct 09 15:13:40.063272 2024] [mpm_prefork:notice] [pid 290] AH00163: Apache/2.4.25 (Debian) configured -- resuming normal operations
[Wed Oct 09 15:13:40.063668 2024] [core:notice] [pid 290] AH00094: Command line: '/usr/sbin/apache2'
[Wed Oct 09 16:54:35.549991 2024] [core:warn] [pid 291] AH00098: pid file /var/run/apache2/apache2.pid overwritten -- Unclean shutdown of previous Apache run?
[Wed Oct 09 16:54:35.554741 2024] [mpm_prefork:notice] [pid 291] AH00163: Apache/2.4.25 (Debian) configured -- resuming normal operations
[Wed Oct 09 16:54:35.555034 2024] [core:notice] [pid 291] AH00094: Command line: '/usr/sbin/apache2'
[Thu Oct 10 12:10:02.485922 2024] [core:warn] [pid 291] AH00098: pid file /var/run/apache2/apache2.pid overwritten -- Unclean shutdown of previous Apache run?
[Thu Oct 10 12:10:02.489693 2024] [mpm_prefork:notice] [pid 291] AH00163: Apache/2.4.25 (Debian) configured -- resuming normal operations
[Thu Oct 10 12:10:02.489956 2024] [core:notice] [pid 291] AH00094: Command line: '/usr/sbin/apache2'
[Thu Oct 10 12:30:48.408856 2024] [:error] [pid 305] [client 172.18.0.1:34982] PHP Notice:  Constant DVWA_WEB_PAGE_TO_ROOT already defined in /var/www/html/dvwa/includes/DBMS/MySQL.php on line 9, referer: http://localhost/setup.php
[Thu Oct 10 13:03:44.814252 2024] [mpm_prefork:notice] [pid 291] AH00163: Apache/2.4.25 (Debian) configured -- resuming normal operations
[Thu Oct 10 13:03:44.815593 2024] [core:notice] [pid 291] AH00094: Command line: '/usr/sbin/apache2'
[Thu Oct 10 13:35:41.432207 2024] [mpm_prefork:notice] [pid 282] AH00163: Apache/2.4.25 (Debian) configured -- resuming normal operations
[Thu Oct 10 13:35:41.432561 2024] [core:notice] [pid 282] AH00094: Command line: '/usr/sbin/apache2'
[Thu Oct 10 14:48:26.068079 2024] [core:warn] [pid 288] AH00098: pid file /var/run/apache2/apache2.pid overwritten -- Unclean shutdown of previous Apache run?
[Thu Oct 10 14:48:26.075371 2024] [mpm_prefork:notice] [pid 288] AH00163: Apache/2.4.25 (Debian) configured -- resuming normal operations
[Thu Oct 10 14:48:26.075605 2024] [core:notice] [pid 288] AH00094: Command line: '/usr/sbin/apache2'
[Thu Oct 10 14:52:32.529648 2024] [core:warn] [pid 288] AH00098: pid file /var/run/apache2/apache2.pid overwritten -- Unclean shutdown of previous Apache run?
[Thu Oct 10 14:52:32.536974 2024] [mpm_prefork:notice] [pid 288] AH00163: Apache/2.4.25 (Debian) configured -- resuming normal operations
[Thu Oct 10 14:52:32.537196 2024] [core:notice] [pid 288] AH00094: Command line: '/usr/sbin/apache2'
[Thu Oct 10 14:59:12.363495 2024] [core:warn] [pid 298] AH00098: pid file /var/run/apache2/apache2.pid overwritten -- Unclean shutdown of previous Apache run?
[Thu Oct 10 14:59:12.370174 2024] [mpm_prefork:notice] [pid 298] AH00163: Apache/2.4.25 (Debian) configured -- resuming normal operations
[Thu Oct 10 14:59:12.370448 2024] [core:notice] [pid 298] AH00094: Command line: '/usr/sbin/apache2'
[Thu Oct 10 15:12:26.252637 2024] [core:warn] [pid 296] AH00098: pid file /var/run/apache2/apache2.pid overwritten -- Unclean shutdown of previous Apache run?
[Thu Oct 10 15:12:26.256961 2024] [mpm_prefork:notice] [pid 296] AH00163: Apache/2.4.25 (Debian) configured -- resuming normal operations
[Thu Oct 10 15:12:26.257236 2024] [core:notice] [pid 296] AH00094: Command line: '/usr/sbin/apache2'
[Thu Oct 10 15:16:28.977333 2024] [mpm_prefork:notice] [pid 282] AH00163: Apache/2.4.25 (Debian) configured -- resuming normal operations
[Thu Oct 10 15:16:28.977733 2024] [core:notice] [pid 282] AH00094: Command line: '/usr/sbin/apache2'
[Thu Oct 10 15:44:56.436456 2024] [core:warn] [pid 286] AH00098: pid file /var/run/apache2/apache2.pid overwritten -- Unclean shutdown of previous Apache run?
[Thu Oct 10 15:44:56.442519 2024] [mpm_prefork:notice] [pid 286] AH00163: Apache/2.4.25 (Debian) configured -- resuming normal operations
[Thu Oct 10 15:44:56.442817 2024] [core:notice] [pid 286] AH00094: Command line: '/usr/sbin/apache2'
[Fri Oct 11 13:25:49.549832 2024] [core:warn] [pid 297] AH00098: pid file /var/run/apache2/apache2.pid overwritten -- Unclean shutdown of previous Apache run?
[Fri Oct 11 13:25:49.554915 2024] [mpm_prefork:notice] [pid 297] AH00163: Apache/2.4.25 (Debian) configured -- resuming normal operations
[Fri Oct 11 13:25:49.555189 2024] [core:notice] [pid 297] AH00094: Command line: '/usr/sbin/apache2'
[Fri Oct 11 16:29:07.779900 2024] [mpm_prefork:notice] [pid 284] AH00163: Apache/2.4.25 (Debian) configured -- resuming normal operations
[Fri Oct 11 16:29:07.780227 2024] [core:notice] [pid 284] AH00094: Command line: '/usr/sbin/apache2'
[Fri Oct 11 16:32:53.885263 2024] [:error] [pid 299] [client 172.18.0.1:37348] PHP Notice:  Constant DVWA_WEB_PAGE_TO_ROOT already defined in /var/www/html/dvwa/includes/DBMS/MySQL.php on line 9, referer: http://localhost/setup.php
[Fri Oct 11 16:32:55.035613 2024] [:error] [pid 299] [client 172.18.0.1:37348] PHP Notice:  Constant DVWA_WEB_PAGE_TO_ROOT already defined in /var/www/html/dvwa/includes/DBMS/MySQL.php on line 9, referer: http://localhost/setup.php
[Sat Oct 12 06:29:30.957050 2024] [core:warn] [pid 289] AH00098: pid file /var/run/apache2/apache2.pid overwritten -- Unclean shutdown of previous Apache run?
[Sat Oct 12 06:29:30.962129 2024] [mpm_prefork:notice] [pid 289] AH00163: Apache/2.4.25 (Debian) configured -- resuming normal operations
[Sat Oct 12 06:29:30.962394 2024] [core:notice] [pid 289] AH00094: Command line: '/usr/sbin/apache2'
[Sat Oct 12 08:19:47.993596 2024] [mpm_prefork:notice] [pid 286] AH00163: Apache/2.4.25 (Debian) configured -- resuming normal operations
[Sat Oct 12 08:19:47.993993 2024] [core:notice] [pid 286] AH00094: Command line: '/usr/sbin/apache2'
